\BOOKMARK [0][-]{chapter.1}{Einleitung}{}% 1
\BOOKMARK [0][-]{chapter.2}{RobersExcelConvert}{}% 2
\BOOKMARK [0][-]{chapter.3}{Voraussetzungen}{}% 3
\BOOKMARK [1][-]{section.3.1}{SketchUp Version}{chapter.3}% 4
\BOOKMARK [1][-]{section.3.2}{Ruby Konsole}{chapter.3}% 5
\BOOKMARK [1][-]{section.3.3}{Bibliotheken installieren}{chapter.3}% 6
\BOOKMARK [2][-]{subsection.3.3.1}{rubyXL}{section.3.3}% 7
\BOOKMARK [2][-]{subsection.3.3.2}{inifile}{section.3.3}% 8
\BOOKMARK [1][-]{section.3.4}{Gem einf\374gen}{chapter.3}% 9
\BOOKMARK [1][-]{section.3.5}{Funktionstest}{chapter.3}% 10
\BOOKMARK [0][-]{chapter.4}{Translations Organizer}{}% 11
\BOOKMARK [1][-]{section.4.1}{Semantik-Check}{chapter.4}% 12
\BOOKMARK [1][-]{section.4.2}{Translations}{chapter.4}% 13
\BOOKMARK [2][-]{subsection.4.2.1}{Interface Aufbau}{section.4.2}% 14
\BOOKMARK [2][-]{subsection.4.2.2}{Hinzuf\374gen}{section.4.2}% 15
\BOOKMARK [2][-]{subsection.4.2.3}{Bearbeiten}{section.4.2}% 16
\BOOKMARK [2][-]{subsection.4.2.4}{L\366schen}{section.4.2}% 17
\BOOKMARK [1][-]{section.4.3}{Materialien}{chapter.4}% 18
\BOOKMARK [2][-]{subsection.4.3.1}{Hinzuf\374gen}{section.4.3}% 19
\BOOKMARK [2][-]{subsection.4.3.2}{Bearbeiten}{section.4.3}% 20
\BOOKMARK [2][-]{subsection.4.3.3}{L\366schen}{section.4.3}% 21
\BOOKMARK [1][-]{section.4.4}{Excel Konstanten}{chapter.4}% 22
\BOOKMARK [0][-]{chapter.5}{Excel-Datei}{}% 23
\BOOKMARK [1][-]{section.5.1}{Aufbau}{chapter.5}% 24
