\BOOKMARK [0][-]{chapter.1}{Einleitung}{}% 1
\BOOKMARK [0][-]{chapter.2}{RobersExcelConvert}{}% 2
\BOOKMARK [0][-]{chapter.3}{Voraussetzungen}{}% 3
\BOOKMARK [1][-]{section.3.1}{SketchUp Version}{chapter.3}% 4
\BOOKMARK [1][-]{section.3.2}{Ruby Konsole}{chapter.3}% 5
\BOOKMARK [1][-]{section.3.3}{Bibliotheken installieren}{chapter.3}% 6
\BOOKMARK [2][-]{subsection.3.3.1}{rubyXL}{section.3.3}% 7
\BOOKMARK [2][-]{subsection.3.3.2}{inifile}{section.3.3}% 8
\BOOKMARK [1][-]{section.3.4}{Gem einf\374gen}{chapter.3}% 9
\BOOKMARK [1][-]{section.3.5}{Funktionstest}{chapter.3}% 10
\BOOKMARK [0][-]{chapter.4}{Excel-Datei}{}% 11
\BOOKMARK [1][-]{section.4.1}{Aufbau}{chapter.4}% 12
\BOOKMARK [1][-]{section.4.2}{Anpassungsm\366glichkeiten}{chapter.4}% 13
\BOOKMARK [0][-]{chapter.5}{Bauteil Identifizierung}{}% 14
\BOOKMARK [1][-]{section.5.1}{Translations}{chapter.5}% 15
\BOOKMARK [2][-]{subsection.5.1.1}{Hinzuf\374gen}{section.5.1}% 16
\BOOKMARK [2][-]{subsection.5.1.2}{Aufbau}{section.5.1}% 17
\BOOKMARK [2][-]{subsection.5.1.3}{L\366schen}{section.5.1}% 18
\BOOKMARK [0][-]{chapter.6}{Fehlerbehandlung}{}% 19
\BOOKMARK [1][-]{section.6.1}{Fehlercodes}{chapter.6}% 20
