\BOOKMARK [0][-]{chapter.1}{Einleitung}{}% 1
\BOOKMARK [0][-]{chapter.2}{RobersExcelConvert}{}% 2
\BOOKMARK [0][-]{chapter.3}{Voraussetzungen}{}% 3
\BOOKMARK [1][-]{section.3.1}{SketchUp Version}{chapter.3}% 4
\BOOKMARK [1][-]{section.3.2}{Ruby Konsole}{chapter.3}% 5
\BOOKMARK [1][-]{section.3.3}{SketchUp- Gliederung}{chapter.3}% 6
\BOOKMARK [1][-]{section.3.4}{Bibliotheken installieren}{chapter.3}% 7
\BOOKMARK [1][-]{section.3.5}{Gem einf\374gen}{chapter.3}% 8
\BOOKMARK [1][-]{section.3.6}{Funktionstest}{chapter.3}% 9
\BOOKMARK [0][-]{chapter.4}{Translations Organizer}{}% 10
\BOOKMARK [1][-]{section.4.1}{Excel auslesen und zeichnen}{chapter.4}% 11
\BOOKMARK [2][-]{subsection.4.1.1}{Excel ausw\344hlen}{section.4.1}% 12
\BOOKMARK [2][-]{subsection.4.1.2}{Speichern}{section.4.1}% 13
\BOOKMARK [2][-]{subsection.4.1.3}{Quasi-Live Nutzung}{section.4.1}% 14
\BOOKMARK [1][-]{section.4.2}{Semantik-Check}{chapter.4}% 15
\BOOKMARK [1][-]{section.4.3}{Translations}{chapter.4}% 16
\BOOKMARK [2][-]{subsection.4.3.1}{Interface Aufbau}{section.4.3}% 17
\BOOKMARK [2][-]{subsection.4.3.2}{Hinzuf\374gen}{section.4.3}% 18
\BOOKMARK [2][-]{subsection.4.3.3}{Bearbeiten}{section.4.3}% 19
\BOOKMARK [2][-]{subsection.4.3.4}{L\366schen}{section.4.3}% 20
\BOOKMARK [1][-]{section.4.4}{Materialien}{chapter.4}% 21
\BOOKMARK [2][-]{subsection.4.4.1}{Hinzuf\374gen}{section.4.4}% 22
\BOOKMARK [2][-]{subsection.4.4.2}{Bearbeiten}{section.4.4}% 23
\BOOKMARK [2][-]{subsection.4.4.3}{L\366schen}{section.4.4}% 24
\BOOKMARK [1][-]{section.4.5}{Excel Konstanten}{chapter.4}% 25
\BOOKMARK [0][-]{chapter.5}{Excel-Datei}{}% 26
\BOOKMARK [1][-]{section.5.1}{Aufbau}{chapter.5}% 27
\BOOKMARK [2][-]{subsection.5.1.1}{Koordinaten}{section.5.1}% 28
\BOOKMARK [0][-]{chapter.6}{Beispiele}{}% 29
