\BOOKMARK [0][-]{chapter.1}{Das RobersExcelConvert-Plugin}{}% 1
\BOOKMARK [1][-]{section.1.1}{Der Translations Organizer Ablauf}{chapter.1}% 2
\BOOKMARK [1][-]{section.1.2}{Der Ablauf einer gelesenen Excel}{chapter.1}% 3
\BOOKMARK [2][-]{subsection.1.2.1}{Bauteil identifizieren}{section.1.2}% 4
\BOOKMARK [2][-]{subsection.1.2.2}{Material identifizieren}{section.1.2}% 5
\BOOKMARK [2][-]{subsection.1.2.3}{Anzahl und Offset}{section.1.2}% 6
\BOOKMARK [1][-]{section.1.3}{Ablauf bei SketchUp}{chapter.1}% 7
\BOOKMARK [0][-]{chapter.2}{Voraussetzungen}{}% 8
\BOOKMARK [1][-]{section.2.1}{SketchUp Version}{chapter.2}% 9
\BOOKMARK [1][-]{section.2.2}{Ruby Konsole}{chapter.2}% 10
\BOOKMARK [1][-]{section.2.3}{Toolbar anzeigen}{chapter.2}% 11
\BOOKMARK [1][-]{section.2.4}{SketchUp- Gliederung}{chapter.2}% 12
\BOOKMARK [1][-]{section.2.5}{Bibliotheken installieren}{chapter.2}% 13
\BOOKMARK [1][-]{section.2.6}{Gem einf\374gen}{chapter.2}% 14
\BOOKMARK [1][-]{section.2.7}{Funktionstest}{chapter.2}% 15
\BOOKMARK [0][-]{chapter.3}{Translations Organizer}{}% 16
\BOOKMARK [1][-]{section.3.1}{Excel auslesen und zeichnen}{chapter.3}% 17
\BOOKMARK [2][-]{subsection.3.1.1}{Excel ausw\344hlen}{section.3.1}% 18
\BOOKMARK [2][-]{subsection.3.1.2}{Speichern}{section.3.1}% 19
\BOOKMARK [2][-]{subsection.3.1.3}{Quasi-Live Nutzung}{section.3.1}% 20
\BOOKMARK [1][-]{section.3.2}{Semantik-Check}{chapter.3}% 21
\BOOKMARK [1][-]{section.3.3}{Translations}{chapter.3}% 22
\BOOKMARK [2][-]{subsection.3.3.1}{Interface Aufbau}{section.3.3}% 23
\BOOKMARK [2][-]{subsection.3.3.2}{Hinzuf\374gen}{section.3.3}% 24
\BOOKMARK [2][-]{subsection.3.3.3}{Bearbeiten}{section.3.3}% 25
\BOOKMARK [2][-]{subsection.3.3.4}{L\366schen}{section.3.3}% 26
\BOOKMARK [1][-]{section.3.4}{Materialien}{chapter.3}% 27
\BOOKMARK [2][-]{subsection.3.4.1}{Hinzuf\374gen}{section.3.4}% 28
\BOOKMARK [2][-]{subsection.3.4.2}{Bearbeiten}{section.3.4}% 29
\BOOKMARK [2][-]{subsection.3.4.3}{L\366schen}{section.3.4}% 30
\BOOKMARK [1][-]{section.3.5}{Excel Konstanten}{chapter.3}% 31
\BOOKMARK [0][-]{chapter.4}{Excel-Datei}{}% 32
\BOOKMARK [1][-]{section.4.1}{Aufbau}{chapter.4}% 33
\BOOKMARK [2][-]{subsection.4.1.1}{Koordinaten}{section.4.1}% 34
\BOOKMARK [0][-]{chapter.5}{Beispiele}{}% 35
